  Application.cpp
D:\Cherno\OpenGLc++\AddAsssimp\src\Application.cpp(308,31): warning C4244: “=”: 从“double”转换到“T”，可能丢失数据
          with
          [
              T=float
          ]
D:\Cherno\OpenGLc++\AddAsssimp\src\Application.cpp(309,30): warning C4244: “=”: 从“double”转换到“T”，可能丢失数据
          with
          [
              T=float
          ]
  IndexBuffer.cpp
  Render.cpp
  Shader.cpp
  VertexArray.cpp
  VertexBuffer.cpp
  mTexture.cpp
  TestClearColor.cpp
  正在生成代码...
LINK : warning LNK4098: 默认库“LIBCMT”与其他库的使用冲突；请使用 /NODEFAULTLIB:library
glew32s.lib(glew.obj) : warning LNK4099: 未找到 PDB“vc120.pdb”(使用“glew32s.lib(glew.obj)”或在“D:\Cherno\OpenGLc++\bin\AddAsssimp\Win32\Debug\vc120.pdb”中寻找)；正在链接对象，如同没有调试信息一样
  AddAsssimp.vcxproj -> D:\Cherno\OpenGLc++\bin\AddAsssimp\Win32\Debug\AddAsssimp.exe
