d:\cherno\openglc++\bin\openglc++\intermediates\win32\debug\vc143.pdb
d:\cherno\openglc++\bin\openglc++\intermediates\win32\debug\vc143.idb
d:\cherno\openglc++\bin\openglc++\intermediates\win32\debug\vertexbuffer.obj
d:\cherno\openglc++\bin\openglc++\intermediates\win32\debug\vertexarray.obj
d:\cherno\openglc++\bin\openglc++\intermediates\win32\debug\stb_image.obj
d:\cherno\openglc++\bin\openglc++\intermediates\win32\debug\imgui_widgets.obj
d:\cherno\openglc++\bin\openglc++\intermediates\win32\debug\imgui_tables.obj
d:\cherno\openglc++\bin\openglc++\intermediates\win32\debug\imgui_impl_opengl3.obj
d:\cherno\openglc++\bin\openglc++\intermediates\win32\debug\imgui_impl_glfw.obj
d:\cherno\openglc++\bin\openglc++\intermediates\win32\debug\imgui_draw.obj
d:\cherno\openglc++\bin\openglc++\intermediates\win32\debug\imgui_demo.obj
d:\cherno\openglc++\bin\openglc++\intermediates\win32\debug\imgui.obj
d:\cherno\openglc++\bin\openglc++\intermediates\win32\debug\glm.obj
d:\cherno\openglc++\bin\openglc++\intermediates\win32\debug\texture.obj
d:\cherno\openglc++\bin\openglc++\intermediates\win32\debug\shader.obj
d:\cherno\openglc++\bin\openglc++\intermediates\win32\debug\render.obj
d:\cherno\openglc++\bin\openglc++\intermediates\win32\debug\indexbuffer.obj
d:\cherno\openglc++\bin\openglc++\intermediates\win32\debug\camera.obj
d:\cherno\openglc++\bin\openglc++\intermediates\win32\debug\application.obj
d:\cherno\openglc++\bin\openglc++\intermediates\win32\debug\openglc++.ilk
d:\cherno\openglc++\bin\openglc++\win32\debug\openglc++.exe
d:\cherno\openglc++\bin\openglc++\win32\debug\openglc++.pdb
d:\cherno\openglc++\\bin\openglc++\win32\debug\openglc++.pdb
d:\cherno\openglc++\bin\openglc++\intermediates\win32\debug\openglc++.vcxproj.filelistabsolute.txt
d:\cherno\openglc++\bin\openglc++\intermediates\win32\debug\openglc++.tlog\cl.command.1.tlog
d:\cherno\openglc++\bin\openglc++\intermediates\win32\debug\openglc++.tlog\cl.read.1.tlog
d:\cherno\openglc++\bin\openglc++\intermediates\win32\debug\openglc++.tlog\cl.write.1.tlog
d:\cherno\openglc++\bin\openglc++\intermediates\win32\debug\openglc++.tlog\link.command.1.tlog
d:\cherno\openglc++\bin\openglc++\intermediates\win32\debug\openglc++.tlog\link.read.1.tlog
d:\cherno\openglc++\bin\openglc++\intermediates\win32\debug\openglc++.tlog\link.write.1.tlog
